<?xml version="1.0" encoding="UTF-8"?>
<!-- Generated by org.testng.reporters.JUnitReportReporter -->
<testsuite hostname="Sules1749154" failures="0" tests="2" name="com.Shopping.TestCases.HomepageTest" time="22.046" errors="0" timestamp="2023-03-06T13:42:37 IST" skipped="0">
  <testcase classname="com.Shopping.TestCases.HomepageTest" name="verifypageTitle" time="9.035"/>
  <system-out/>
  <testcase classname="com.Shopping.TestCases.HomepageTest" name="verifyHomePageLanding" time="13.011"/>
  <system-out/>
</testsuite> <!-- com.Shopping.TestCases.HomepageTest -->
