<?xml version="1.0" encoding="UTF-8"?>
<!-- Generated by org.testng.reporters.JUnitReportReporter -->
<testsuite hostname="Sules1749154" failures="0" tests="1" name="com.Shopping.TestCases.LoginPageTest" time="16.524" errors="0" timestamp="2023-03-06T13:42:37 IST" skipped="0">
  <testcase classname="com.Shopping.TestCases.LoginPageTest" name="verifyvalidlogin" time="16.524"/>
  <system-out/>
</testsuite> <!-- com.Shopping.TestCases.LoginPageTest -->
